\BOOKMARK [0][-]{chapter.1}{Projektidee}{}% 1
\BOOKMARK [0][-]{chapter.2}{Projektskizze}{}% 2
\BOOKMARK [0][-]{chapter.3}{Anforderungsdokumentation}{}% 3
\BOOKMARK [1][-]{section.3.1}{Anforderungsliste}{chapter.3}% 4
\BOOKMARK [1][-]{section.3.2}{Datenmodell}{chapter.3}% 5
\BOOKMARK [1][-]{section.3.3}{Mockup}{chapter.3}% 6
\BOOKMARK [0][-]{chapter.4}{Architektur}{}% 7
\BOOKMARK [1][-]{section.4.1}{Allgemein}{chapter.4}% 8
\BOOKMARK [1][-]{section.4.2}{Facebook-Login}{chapter.4}% 9
\BOOKMARK [1][-]{section.4.3}{Maps}{chapter.4}% 10
\BOOKMARK [0][-]{chapter.5}{Test}{}% 11
\BOOKMARK [1][-]{section.5.1}{Test 1}{chapter.5}% 12
\BOOKMARK [1][-]{section.5.2}{Test 2}{chapter.5}% 13
\BOOKMARK [1][-]{section.5.3}{Test 3}{chapter.5}% 14
\BOOKMARK [1][-]{section.5.4}{Test 4}{chapter.5}% 15
\BOOKMARK [1][-]{section.5.5}{Test 5}{chapter.5}% 16
\BOOKMARK [1][-]{section.5.6}{Test 6}{chapter.5}% 17
\BOOKMARK [1][-]{section.5.7}{Test 7}{chapter.5}% 18
\BOOKMARK [1][-]{section.5.8}{Test 8}{chapter.5}% 19
\BOOKMARK [1][-]{section.5.9}{Test 9}{chapter.5}% 20
\BOOKMARK [0][-]{chapter.6}{Lessons-learned}{}% 21
